2019-03-29 15:32:52,222 TRACE [default] [bool __cdecl Application::setupMessageLogs(int,char **)] [C:\Users\Forrest\source\repos\FSMEngine\FSMEngineProject\Application.cpp:146] Application::setupMessageLogs 
2019-03-29 15:32:52,224 TRACE [default] [__cdecl Application::Application(int,char **) noexcept] [C:\Users\Forrest\source\repos\FSMEngine\FSMEngineProject\Application.cpp:36] Application::Application 
2019-03-29 15:32:52,225 INFO [default] Initializing Application... 
2019-03-29 15:32:52,225 INFO [default] Creating directory for LOG files...DONE 
2019-03-29 15:32:52,225 INFO [default]     ACTIVE LOGGER CONFIGURATION FLAGS 
2019-03-29 15:32:52,226 TRACE [default] [class std::basic_string<char,struct std::char_traits<char>,class std::allocator<char> > __cdecl reportEnabledLoggerConfigurationFlags(unsigned __int64) noexcept] [C:\Users\Forrest\source\repos\FSMEngine\FSMEngineProject\EasyLogConfiguration.h:582] reportEnabledLoggerConfigurationFlags 
2019-03-29 15:32:52,226 INFO [default]       NewLineForContainer
      AllowVerboseIfModuleNotSpecified
      DisableApplicationAbortOnFatalLog
      MultiLoggerSupport
      HierarchicalLogging
      CreateLoggerAutomatically
      AutoSpacing 
      FixedTimeFormat
 
 
2019-03-29 15:32:52,227 INFO [default] Application Version 0.0 Build 0.0.01 
2019-03-29 15:32:52,228 INFO [default] Compiler:                    MSVC  1920 
2019-03-29 15:32:52,228 INFO [default] Compile Date:                Mar 29 2019 
2019-03-29 15:32:52,229 INFO [default] Compile Time:                15:32:42 
2019-03-29 15:32:52,230 INFO [default] Implementation Is Hosted:    True 
2019-03-29 15:32:52,230 INFO [default] Inchoating The Render Environment... 
2019-03-29 15:32:52,231 TRACE [default] [bool __cdecl Application::createRenderEnvironment(void)] [C:\Users\Forrest\source\repos\FSMEngine\FSMEngineProject\Application.cpp:219] Application::createRenderEnvironment 
2019-03-29 15:32:52,232 TRACE [default] [__cdecl FSMRenderEnvironment::FSMRenderEnvironment(bool)] [C:\Users\Forrest\source\repos\FSMEngine\FSMEngineProject\FSMRenderEnvironment.cpp:37] FSMRenderEnvironment::FSMRenderEnvironment 
2019-03-29 15:32:52,233 TRACE [default] [__cdecl FSMRenderEnvironment::FSMRenderEnvironment(void)] [C:\Users\Forrest\source\repos\FSMEngine\FSMEngineProject\FSMRenderEnvironment.cpp:43] FSMRenderEnvironment::FSMRenderEnvironment 
2019-03-29 15:32:52,233 INFO [default] 
 [step 1]   Loading settings from initialization file!
 
2019-03-29 15:32:52,237 TRACE [default] [bool __cdecl FSMRenderEnvironment::loadSettings(void)] [C:\Users\Forrest\source\repos\FSMEngine\FSMEngineProject\FSMRenderEnvironment.cpp:270] FSMRenderEnvironment::loadSettings 
2019-03-29 15:32:52,238 TRACE [default] [bool __cdecl FSMRenderEnvironment::locateSettingsFile(class std::error_code &)] [C:\Users\Forrest\source\repos\FSMEngine\FSMEngineProject\FSMRenderEnvironment.cpp:356] FSMRenderEnvironment::locateSettingsFile 
2019-03-29 15:32:52,239 TRACE [default] [void __cdecl FSMRenderEnvironment::parseSettingsFile(void)] [C:\Users\Forrest\source\repos\FSMEngine\FSMEngineProject\FSMRenderEnvironment.cpp:383] FSMRenderEnvironment::parseSettingsFile 
2019-03-29 15:32:52,240 INFO [default] 
Settings file found! Parsing now...
 
2019-03-29 15:32:52,240 TRACE [default] [bool __cdecl FSMRenderEnvironment::initializeGLFW(void)] [C:\Users\Forrest\source\repos\FSMEngine\FSMEngineProject\FSMRenderEnvironment.cpp:493] FSMRenderEnvironment::initializeGLFW 
2019-03-29 15:32:52,241 TRACE [default] [void __cdecl FSMRenderEnvironment::setGlobalGLFWInvariants(void) noexcept] [C:\Users\Forrest\source\repos\FSMEngine\FSMEngineProject\FSMRenderEnvironment.cpp:515] FSMRenderEnvironment::setGlobalGLFWInvariants 
2019-03-29 15:32:52,244 TRACE [default] [void __cdecl FSMRenderEnvironment::setPreGLFWInitCallbacks(void)] [C:\Users\Forrest\source\repos\FSMEngine\FSMEngineProject\FSMRenderEnvironment.cpp:527] FSMRenderEnvironment::setPreGLFWInitCallbacks 
2019-03-29 15:32:52,245 TRACE [default] [class FSMEngineInternal::FSMCallbackInitializer &__cdecl FSMEngineInternal::FSMCallbackInitializer::callbackInitializer(void)] [C:\Users\Forrest\source\repos\FSMEngine\FSMEngineProject\FSMCallbackInitializer.h:114] FSMEngineInternal::FSMCallbackInitializer::callbackInitializer 
2019-03-29 15:32:52,246 TRACE [default] [__cdecl FSMEngineInternal::FSMCallbackInitializer::FSMCallbackInitializer(void)] [C:\Users\Forrest\source\repos\FSMEngine\FSMEngineProject\FSMCallbackInitializer.cpp:36] FSMEngineInternal::FSMCallbackInitializer::FSMCallbackInitializer 
2019-03-29 15:32:52,250 TRACE [default] [__cdecl FSMEngineInternal::FSMCallbackInitializer::GlobalStateOfGLFWCallbacks::GlobalStateOfGLFWCallbacks(void)] [C:\Users\Forrest\source\repos\FSMEngine\FSMEngineProject\FSMCallbackInitializer.cpp:27] FSMEngineInternal::FSMCallbackInitializer::GlobalStateOfGLFWCallbacks::GlobalStateOfGLFWCallbacks 
2019-03-29 15:32:52,251 TRACE [default] [void __cdecl FSMEngineInternal::FSMCallbackInitializer::setGLFWErrorCallback(void) noexcept] [C:\Users\Forrest\source\repos\FSMEngine\FSMEngineProject\FSMCallbackInitializer.cpp:47] FSMEngineInternal::FSMCallbackInitializer::setGLFWErrorCallback 
2019-03-29 15:32:52,252 INFO [default] 
           Setting GLFW Error Callback Function!   
 
2019-03-29 15:32:52,254 TRACE [default] [bool __cdecl FSMRenderEnvironment::callTheGLFWInitFunc(void)] [C:\Users\Forrest\source\repos\FSMEngine\FSMEngineProject\FSMRenderEnvironment.cpp:539] FSMRenderEnvironment::callTheGLFWInitFunc 
2019-03-29 15:32:52,468 TRACE [default] [void __cdecl FSMRenderEnvironment::setPostGLFWInitCallbacks(void)] [C:\Users\Forrest\source\repos\FSMEngine\FSMEngineProject\FSMRenderEnvironment.cpp:558] FSMRenderEnvironment::setPostGLFWInitCallbacks 
2019-03-29 15:32:52,468 TRACE [default] [class FSMEngineInternal::FSMCallbackInitializer &__cdecl FSMEngineInternal::FSMCallbackInitializer::callbackInitializer(void)] [C:\Users\Forrest\source\repos\FSMEngine\FSMEngineProject\FSMCallbackInitializer.h:114] FSMEngineInternal::FSMCallbackInitializer::callbackInitializer 
2019-03-29 15:32:52,470 TRACE [default] [void __cdecl FSMEngineInternal::FSMCallbackInitializer::setJoystickEventCallback(void) noexcept] [C:\Users\Forrest\source\repos\FSMEngine\FSMEngineProject\FSMCallbackInitializer.cpp:54] FSMEngineInternal::FSMCallbackInitializer::setJoystickEventCallback 
2019-03-29 15:32:52,470 INFO [default] 
           Setting GLFW Joystick event Callback Function!   
 
2019-03-29 15:32:52,471 TRACE [default] [void __cdecl FSMEngineInternal::FSMCallbackInitializer::setMonitorEventCallback(void) noexcept] [C:\Users\Forrest\source\repos\FSMEngine\FSMEngineProject\FSMCallbackInitializer.cpp:60] FSMEngineInternal::FSMCallbackInitializer::setMonitorEventCallback 
2019-03-29 15:32:52,472 INFO [default] 
           Setting GLFW Monitor Event Callback Function!   
 
2019-03-29 15:32:52,472 TRACE [default] [class std::basic_string<char,struct std::char_traits<char>,class std::allocator<char> > __cdecl FSMRenderEnvironment::getGLFWRuntimeVersionString(void) noexcept const] [C:\Users\Forrest\source\repos\FSMEngine\FSMEngineProject\FSMRenderEnvironment.cpp:250] 
 [step 2]    GLFW Library has initialized! GLFW version:  FSMRenderEnvironment::getGLFWRuntimeVersionString 
2019-03-29 15:32:52,473 INFO [default] GLFW 3.3.0 
 
2019-03-29 15:32:52,473 TRACE [default] [bool __cdecl FSMRenderEnvironment::createContext(void)] [C:\Users\Forrest\source\repos\FSMEngine\FSMEngineProject\FSMRenderEnvironment.cpp:572] FSMRenderEnvironment::createContext 
2019-03-29 15:32:52,474 TRACE [default] [void __cdecl FSMRenderEnvironment::specifyContextHints(void) noexcept] [C:\Users\Forrest\source\repos\FSMEngine\FSMEngineProject\FSMRenderEnvironment.cpp:598] FSMRenderEnvironment::specifyContextHints 
2019-03-29 15:32:52,475 TRACE [default] [int __cdecl FSMRenderEnvironment::getGLVersionMajor(void) noexcept const] [C:\Users\Forrest\source\repos\FSMEngine\FSMEngineProject\FSMRenderEnvironment.cpp:212] FSMRenderEnvironment::getGLVersionMajor 
2019-03-29 15:32:52,476 TRACE [default] [int __cdecl FSMRenderEnvironment::getGLVersionMinor(void) noexcept const] [C:\Users\Forrest\source\repos\FSMEngine\FSMEngineProject\FSMRenderEnvironment.cpp:217] FSMRenderEnvironment::getGLVersionMinor 
2019-03-29 15:32:52,476 TRACE [default] [void __cdecl FSMRenderEnvironment::retrieveConnectedMonitors(void)] [C:\Users\Forrest\source\repos\FSMEngine\FSMEngineProject\FSMRenderEnvironment.cpp:616] FSMRenderEnvironment::retrieveConnectedMonitors 
2019-03-29 15:32:52,477 INFO [default] 
Here is where a list of already connected monitors would
be loaded, which then would allow for the
Application to call a function of FSMRenderEnvironment to enumerate
These monitors, which then a user could select an appropriate choice from...

  [or something like that]




 
2019-03-29 15:32:52,477 TRACE [default] [bool __cdecl FSMRenderEnvironment::createContextAndWindow(void)] [C:\Users\Forrest\source\repos\FSMEngine\FSMEngineProject\FSMRenderEnvironment.cpp:630] FSMRenderEnvironment::createContextAndWindow 
2019-03-29 15:32:53,747 INFO [default] 
Successfully created a current context!
 
2019-03-29 15:32:53,751 TRACE [default] [void __cdecl FSMRenderEnvironment::setContextWindowCallbacks(void)] [C:\Users\Forrest\source\repos\FSMEngine\FSMEngineProject\FSMRenderEnvironment.cpp:645] FSMRenderEnvironment::setContextWindowCallbacks 
2019-03-29 15:32:53,755 INFO [default] 

      WIndow Context Callbacks would be specified right here                 once they get implemented!!!

 
2019-03-29 15:32:53,757 INFO [default] 
  [step 3]      Graphics Language Context Created!
 
2019-03-29 15:32:53,760 TRACE [default] [bool __cdecl FSMRenderEnvironment::setupGLAD(void)] [C:\Users\Forrest\source\repos\FSMEngine\FSMEngineProject\FSMRenderEnvironment.cpp:656] FSMRenderEnvironment::setupGLAD 
2019-03-29 15:32:53,762 TRACE [default] [void __cdecl FSMRenderEnvironment::specifyDebugCallbacksWithGLAD(void)] [C:\Users\Forrest\source\repos\FSMEngine\FSMEngineProject\FSMRenderEnvironment.cpp:672] FSMRenderEnvironment::specifyDebugCallbacksWithGLAD 
2019-03-29 15:32:53,763 INFO [default] 

    GLAD CALLBACKS WOULD BE SPECIFIED HERE ONCE THINGS ARE FURTHER ALONG!



 
2019-03-29 15:32:53,766 TRACE [default] [bool __cdecl FSMRenderEnvironment::loadOpenGLFunctions(void)] [C:\Users\Forrest\source\repos\FSMEngine\FSMEngineProject\FSMRenderEnvironment.cpp:687] FSMRenderEnvironment::loadOpenGLFunctions 
2019-03-29 15:32:53,767 INFO [default] !Loading Graphics Language Functions...
 
2019-03-29 15:32:53,776 INFO [default]   [step 4]     GLAD LOADED OPENGL SUCCESFULLY !~!!!  OMG ALMOST THERE !!!!
 
2019-03-29 15:32:53,776 TRACE [default] [void __cdecl FSMRenderEnvironment::getGLFWCompiletimeVersion(int &,int &,int &)] [C:\Users\Forrest\source\repos\FSMEngine\FSMEngineProject\FSMRenderEnvironment.cpp:231] FSMRenderEnvironment::getGLFWCompiletimeVersion 
2019-03-29 15:32:53,777 INFO [default] Program was compiled to work with GLFW  3 . 3 . 0 

2019-03-29 15:32:53,778 TRACE [default] [class std::basic_string<char,struct std::char_traits<char>,class std::allocator<char> > __cdecl FSMRenderEnvironment::getGLFWCompiletimeVersionString(void)] [C:\Users\Forrest\source\repos\FSMEngine\FSMEngineProject\FSMRenderEnvironment.cpp:238]  Using object's print function:  FSMRenderEnvironment::getGLFWCompiletimeVersionString 
2019-03-29 15:32:53,779 INFO [default] 3.3.0 Win32 WGL EGL VisualC hybrid-GPU DLL 
 
2019-03-29 15:32:53,780 TRACE [default] [class std::basic_string<char,struct std::char_traits<char>,class std::allocator<char> > __cdecl FSMRenderEnvironment::getGLFWRuntimeVersionString(void) noexcept const] [C:\Users\Forrest\source\repos\FSMEngine\FSMEngineProject\FSMRenderEnvironment.cpp:250] GLFW Version Loaded at Runtime String:  FSMRenderEnvironment::getGLFWRuntimeVersionString 
2019-03-29 15:32:53,780 INFO [default] GLFW 3.3.0 

 
2019-03-29 15:32:53,781 TRACE [default] [void __cdecl FSMRenderEnvironment::getGLVersion(int &,int &,bool &) noexcept const] [C:\Users\Forrest\source\repos\FSMEngine\FSMEngineProject\FSMRenderEnvironment.cpp:205] FSMRenderEnvironment::getGLVersion 
2019-03-29 15:32:53,782 INFO [default] Program was compiled to target OpenGL  4 . 6   Core 

2019-03-29 15:32:53,783 TRACE [default] [class std::basic_string<char,struct std::char_traits<char>,class std::allocator<char> > __cdecl FSMRenderEnvironment::getGLVersionString(void) noexcept const] [C:\Users\Forrest\source\repos\FSMEngine\FSMEngineProject\FSMRenderEnvironment.cpp:222] OpenGL version constructed by class: ' FSMRenderEnvironment::getGLVersionString 
2019-03-29 15:32:53,784 INFO [default] OpenGL Version 4.6 Core 

 

2019-03-29 15:32:53,784 INFO [default] 
       Applications Constructor has completed running!
 
2019-03-29 15:32:53,788 TRACE [default] [void __cdecl Application::launch(void)] [C:\Users\Forrest\source\repos\FSMEngine\FSMEngineProject\Application.cpp:133] Application::launch 
2019-03-29 15:32:53,789 INFO [default] 
Application launched....
 
2019-03-29 15:32:53,789 TRACE [default] [void __cdecl FSMRenderEnvironment::doMonitorSelectionLoop(void)] [C:\Users\Forrest\source\repos\FSMEngine\FSMEngineProject\FSMRenderEnvironment.cpp:105] FSMRenderEnvironment::doMonitorSelectionLoop 
2019-03-29 15:32:53,793 TRACE [default] [class std::queue<struct GLFWmonitor *,class std::deque<struct GLFWmonitor *,class std::allocator<struct GLFWmonitor *> > > &__cdecl FSMEngineInternal::MonitorEventCallbackInternal::recentMonitorConnections(void)] [C:\Users\Forrest\source\repos\FSMEngine\FSMEngineProject\FSMMonitorEventCallback.cpp:112] FSMEngineInternal::MonitorEventCallbackInternal::recentMonitorConnections 
2019-03-29 15:32:53,793 TRACE [default] [class std::queue<struct GLFWmonitor *,class std::deque<struct GLFWmonitor *,class std::allocator<struct GLFWmonitor *> > > &__cdecl FSMEngineInternal::MonitorEventCallbackInternal::recentMonitorDisconnections(void)] [C:\Users\Forrest\source\repos\FSMEngine\FSMEngineProject\FSMMonitorEventCallback.cpp:118] FSMEngineInternal::MonitorEventCallbackInternal::recentMonitorDisconnections 
2019-03-29 15:32:53,795 TRACE [default] [class std::queue<int,class std::deque<int,class std::allocator<int> > > &__cdecl FSMEngineInternal::JoystickEventCallbackInternal::recentJoystickConnections(void)] [C:\Users\Forrest\source\repos\FSMEngine\FSMEngineProject\FSMJoystickEventCallback.cpp:125] FSMEngineInternal::JoystickEventCallbackInternal::recentJoystickConnections 
2019-03-29 15:32:53,795 TRACE [default] [class std::queue<int,class std::deque<int,class std::allocator<int> > > &__cdecl FSMEngineInternal::JoystickEventCallbackInternal::recentJoystickDisconnections(void)] [C:\Users\Forrest\source\repos\FSMEngine\FSMEngineProject\FSMJoystickEventCallback.cpp:131] FSMEngineInternal::JoystickEventCallbackInternal::recentJoystickDisconnections 
2019-03-29 15:32:54,744 TRACE [default] [bool __cdecl FSMEngineInternal::checkMonitorEventQueues(void)] [C:\Users\Forrest\source\repos\FSMEngine\FSMEngineProject\FSMMonitorEventCallback.cpp:39] FSMEngineInternal::checkMonitorEventQueues 
2019-03-29 15:32:54,744 TRACE [default] [bool __cdecl FSMEngineInternal::checkJoystickEventQueues(void)] [C:\Users\Forrest\source\repos\FSMEngine\FSMEngineProject\FSMJoystickEventCallback.cpp:40] FSMEngineInternal::checkJoystickEventQueues 
2019-03-29 15:32:55,744 TRACE [default] [bool __cdecl FSMEngineInternal::checkMonitorEventQueues(void)] [C:\Users\Forrest\source\repos\FSMEngine\FSMEngineProject\FSMMonitorEventCallback.cpp:39] FSMEngineInternal::checkMonitorEventQueues 
2019-03-29 15:32:55,745 TRACE [default] [bool __cdecl FSMEngineInternal::checkJoystickEventQueues(void)] [C:\Users\Forrest\source\repos\FSMEngine\FSMEngineProject\FSMJoystickEventCallback.cpp:40] FSMEngineInternal::checkJoystickEventQueues 
2019-03-29 15:32:56,744 TRACE [default] [bool __cdecl FSMEngineInternal::checkMonitorEventQueues(void)] [C:\Users\Forrest\source\repos\FSMEngine\FSMEngineProject\FSMMonitorEventCallback.cpp:39] FSMEngineInternal::checkMonitorEventQueues 
2019-03-29 15:32:56,745 TRACE [default] [bool __cdecl FSMEngineInternal::checkJoystickEventQueues(void)] [C:\Users\Forrest\source\repos\FSMEngine\FSMEngineProject\FSMJoystickEventCallback.cpp:40] FSMEngineInternal::checkJoystickEventQueues 
2019-03-29 15:32:57,744 TRACE [default] [bool __cdecl FSMEngineInternal::checkMonitorEventQueues(void)] [C:\Users\Forrest\source\repos\FSMEngine\FSMEngineProject\FSMMonitorEventCallback.cpp:39] FSMEngineInternal::checkMonitorEventQueues 
2019-03-29 15:32:57,745 TRACE [default] [bool __cdecl FSMEngineInternal::checkJoystickEventQueues(void)] [C:\Users\Forrest\source\repos\FSMEngine\FSMEngineProject\FSMJoystickEventCallback.cpp:40] FSMEngineInternal::checkJoystickEventQueues 
2019-03-29 15:32:58,744 TRACE [default] [bool __cdecl FSMEngineInternal::checkMonitorEventQueues(void)] [C:\Users\Forrest\source\repos\FSMEngine\FSMEngineProject\FSMMonitorEventCallback.cpp:39] FSMEngineInternal::checkMonitorEventQueues 
2019-03-29 15:32:58,745 TRACE [default] [bool __cdecl FSMEngineInternal::checkJoystickEventQueues(void)] [C:\Users\Forrest\source\repos\FSMEngine\FSMEngineProject\FSMJoystickEventCallback.cpp:40] FSMEngineInternal::checkJoystickEventQueues 
2019-03-29 15:32:59,145 TRACE [default] [__cdecl Application::~Application(void)] [C:\Users\Forrest\source\repos\FSMEngine\FSMEngineProject\Application.cpp:128] Application::~Application 
2019-03-29 15:32:59,146 TRACE [default] [__cdecl FSMRenderEnvironment::~FSMRenderEnvironment(void)] [C:\Users\Forrest\source\repos\FSMEngine\FSMEngineProject\FSMRenderEnvironment.cpp:89] FSMRenderEnvironment::~FSMRenderEnvironment 
2019-03-29 15:32:59,228 TRACE [default] [__cdecl FSMEngineInternal::FSMCallbackInitializer::~FSMCallbackInitializer(void) noexcept] [C:\Users\Forrest\source\repos\FSMEngine\FSMEngineProject\FSMCallbackInitializer.cpp:43] FSMEngineInternal::FSMCallbackInitializer::~FSMCallbackInitializer 
